<?xml version="1.0" encoding="UTF-8"?>
<!-- Generated by org.testng.reporters.JUnitXMLReporter -->
<testsuite ignored="0" hostname="NGOC-THY-PC" failures="0" tests="2" name="run on chrome" time="23.081" errors="0" timestamp="28 Jun 2021 07:52:26 GMT">
  <testcase classname="com.nopcommerce.user.Level_05_Register_Login_PageObject_FactoryObject" name="TC_01_Register" time="5.201"/>
  <testcase classname="com.nopcommerce.user.Level_05_Register_Login_PageObject_FactoryObject" name="TC_02_Login" time="6.693"/>
</testsuite> <!-- run on chrome -->
