<?xml version="1.0" encoding="UTF-8"?>
<testsuite name="run on firefox"
           tests="1"
           failures="1"
           errors="0"
           skipped="0"
           time="0.000">
  <properties />
            <testcase name="beforeTest" time="0.000" classname="com.nopcommerce.common.Common_01_Login">
                <failure type="java.lang.NullPointerException"
                  message="Cannot invoke &quot;java.util.Set.iterator()&quot; because &quot;allCookies&quot; is null"
              >
<![CDATA[java.lang.NullPointerException: Cannot invoke "java.util.Set.iterator()" because "allCookies" is null
  commons.BasePage.setAllCookies(BasePage.java:424)
  com.nopcommerce.user.Level_18_Register_Login_Cookies.beforeTest(Level_18_Register_Login_Cookies.java:64)
  java.base/jdk.internal.reflect.NativeMethodAccessorImpl.invoke0(Native Method)
  java.base/jdk.internal.reflect.NativeMethodAccessorImpl.invoke(NativeMethodAccessorImpl.java:64)
  java.base/jdk.internal.reflect.DelegatingMethodAccessorImpl.invoke(DelegatingMethodAccessorImpl.java:43)
  java.base/java.lang.reflect.Method.invoke(Method.java:564)
  org.testng.internal.MethodInvocationHelper.invokeMethod(MethodInvocationHelper.java:86)
  org.testng.internal.Invoker.invokeConfigurationMethod(Invoker.java:514)
  org.testng.internal.Invoker.invokeConfigurations(Invoker.java:215)
  org.testng.internal.Invoker.invokeConfigurations(Invoker.java:142)
  org.testng.TestRunner.beforeRun(TestRunner.java:656)
  org.testng.TestRunner.run(TestRunner.java:624)
  org.testng.SuiteRunner.runTest(SuiteRunner.java:366)
  org.testng.SuiteRunner.access$000(SuiteRunner.java:39)
  org.testng.SuiteRunner$SuiteWorker.run(SuiteRunner.java:400)
  org.testng.internal.thread.ThreadUtil$2.call(ThreadUtil.java:64)
  java.base/java.util.concurrent.FutureTask.run(FutureTask.java:264)
  java.base/java.util.concurrent.ThreadPoolExecutor.runWorker(ThreadPoolExecutor.java:1130)
  java.base/java.util.concurrent.ThreadPoolExecutor$Worker.run(ThreadPoolExecutor.java:630)
  java.base/java.lang.Thread.run(Thread.java:832)
]]>
      </failure>

          </testcase>
  
  
  
</testsuite>
