<?xml version="1.0" encoding="UTF-8"?>
<testng-results ignored="0" total="3" passed="3" failed="0" skipped="0">
  <reporter-output>
  </reporter-output>
  <suite started-at="2021-11-24T06:32:40Z" name="User NopCommerce" finished-at="2021-11-24T06:33:07Z" duration-ms="27491">
    <groups>
    </groups>
    <test started-at="2021-11-24T06:32:40Z" name="run on chrome" finished-at="2021-11-24T06:33:07Z" duration-ms="27491">
      <class name="testNG.CloseBrowserAndDriver">
        <test-method is-config="true" signature="deleteAllFilesInReportNGScreenshot()[pri:0, instance:testNG.CloseBrowserAndDriver@3cff0139]" started-at="2021-11-24T06:32:40Z" name="deleteAllFilesInReportNGScreenshot" finished-at="2021-11-24T06:32:40Z" duration-ms="61" status="PASS">
          <reporter-output>
          </reporter-output>
        </test-method> <!-- deleteAllFilesInReportNGScreenshot -->
        <test-method is-config="true" signature="beforeTest(java.lang.String, java.lang.String)[pri:0, instance:testNG.CloseBrowserAndDriver@3cff0139]" started-at="2021-11-24T06:32:40Z" name="beforeTest" finished-at="2021-11-24T06:32:49Z" depends-on-methods="commons.BaseTest.deleteAllFilesInReportNGScreenshot" duration-ms="9196" status="PASS">
          <params>
            <param index="0">
              <value>
                <![CDATA[chrome]]>
              </value>
            </param>
            <param index="1">
              <value>
                <![CDATA[https://demo.nopcommerce.com/]]>
              </value>
            </param>
          </params>
          <reporter-output>
          </reporter-output>
        </test-method> <!-- beforeTest -->
        <test-method signature="TC_01_Register()[pri:0, instance:testNG.CloseBrowserAndDriver@3cff0139]" started-at="2021-11-24T06:32:49Z" name="TC_01_Register" finished-at="2021-11-24T06:32:55Z" duration-ms="5327" status="PASS">
          <reporter-output>
          </reporter-output>
        </test-method> <!-- TC_01_Register -->
        <test-method signature="TC_02_Login()[pri:0, instance:testNG.CloseBrowserAndDriver@3cff0139]" started-at="2021-11-24T06:32:55Z" name="TC_02_Login" finished-at="2021-11-24T06:32:59Z" duration-ms="4201" status="PASS">
          <reporter-output>
          </reporter-output>
        </test-method> <!-- TC_02_Login -->
        <test-method signature="TC_03_MyAccount()[pri:0, instance:testNG.CloseBrowserAndDriver@3cff0139]" started-at="2021-11-24T06:32:59Z" name="TC_03_MyAccount" finished-at="2021-11-24T06:33:05Z" duration-ms="6121" status="PASS">
          <reporter-output>
          </reporter-output>
        </test-method> <!-- TC_03_MyAccount -->
        <test-method is-config="true" signature="afterClass()[pri:0, instance:testNG.CloseBrowserAndDriver@3cff0139]" started-at="2021-11-24T06:33:05Z" name="afterClass" finished-at="2021-11-24T06:33:07Z" duration-ms="2265" status="PASS">
          <reporter-output>
          </reporter-output>
        </test-method> <!-- afterClass -->
        <test-method is-config="true" signature="closeExecuteBrowser()[pri:0, instance:testNG.CloseBrowserAndDriver@3cff0139]" started-at="2021-11-24T06:33:07Z" name="closeExecuteBrowser" finished-at="2021-11-24T06:33:07Z" duration-ms="1" status="PASS">
          <reporter-output>
          </reporter-output>
        </test-method> <!-- closeExecuteBrowser -->
      </class> <!-- testNG.CloseBrowserAndDriver -->
    </test> <!-- run on chrome -->
  </suite> <!-- User NopCommerce -->
</testng-results>
